<?xml version="1.0" encoding="UTF-8"?>
<!-- Generated by org.testng.reporters.JUnitReportReporter -->
<testsuite hostname="Jaimin-Mehtas-MacBook-Pro.local" failures="0" tests="1" name="AzureDemo.MavenTest" time="8.324" errors="0" timestamp="2021-04-16T16:18:13 IST" skipped="0">
  <testcase classname="AzureDemo.MavenTest" name="test" time="8.324"/>
  <system-out/>
</testsuite> <!-- AzureDemo.MavenTest -->
